<?xml version="1.0" encoding="UTF-8"?>
<testsuites name="add-remove cart" time="128" tests="3" failures="0" errors="0">
   <testsuite name="add-remove cart" tests="3" failures="0" errors="0" time="128" timestamp="2018-05-21 11:09:43" hostname="martin - Martin" id="Test Suites/add-remove cart">
      <properties>
         <property name="deviceName" value=""/>
         <property name="devicePlatform" value=""/>
         <property name="logFolder" value="C:\\Users\\martin\\Katalon Studio\\commerce\\Reports\\add-remove cart\\20180521_110936"/>
         <property name="logFiles" value="C:\\Users\\martin\\Katalon Studio\\commerce\\Reports\\add-remove cart\\20180521_110936\\execution0.log"/>
         <property name="attachments" value=""/>
         <property name="hostName" value="martin - Martin"/>
         <property name="os" value="Windows 10 64bit"/>
         <property name="katalonVersion" value="5.4.1.1"/>
         <property name="browser" value="Chrome 66.0.3359.181"/>
         <property name="hostAddress" value="192.168.1.103"/>
         <property name="sessionId" value="024c63a2693cc8abe195a695419a44b3"/>
         <property name="seleniumVersion" value="3.7.1"/>
         <property name="proxyInformation" value="ProxyInformation{proxyOption=NO_PROXY, proxyServerType=HTTP, password=, proxyServerAddress=, proxyServerPort=0}"/>
         <property name="platform" value="Windows 10"/>
      </properties>
      <testcase name="Test Cases/Add cart/verify-add nokia" classname="Test Cases/Add cart/verify-add nokia" status="PASSED">
         <system-out><![CDATA[2018-05-21 11:09:46 - [TEST_CASE][PASSED] - Test Cases/Add cart/verify-add nokia: Test Cases/Add cart/verify-add nokia

2018-05-21 11:09:50 - [TEST_STEP][PASSED] - callTestCase: Call Test Case 'Test Cases/Login/verify-login' successfully

2018-05-21 11:09:50 - [TEST_CASE][PASSED] - Test Cases/Login/verify-login: Test Cases/Login/verify-login

2018-05-21 11:09:50 - [TEST_STEP][PASSED] - openBrowser: Browser is opened with url: 'http://demo.nopcommerce.com/'

2018-05-21 11:10:20 - [MESSAGE][PASSED] - Browser is opened with url: 'http://demo.nopcommerce.com/'

2018-05-21 11:10:20 - [TEST_STEP][PASSED] - maximizeWindow: Current window maximized

2018-05-21 11:10:21 - [MESSAGE][PASSED] - Current window maximized

2018-05-21 11:10:21 - [TEST_STEP][PASSED] - click: Object: 'Object Repository/login/button-login' is clicked on

2018-05-21 11:10:24 - [MESSAGE][PASSED] - Object: 'Object Repository/login/button-login' is clicked on

2018-05-21 11:10:24 - [TEST_STEP][PASSED] - setText: Text 'martin.muhia10@gmail.com' is set on object 'Object Repository/login/input-login Email'

2018-05-21 11:10:25 - [MESSAGE][PASSED] - Text 'martin.muhia10@gmail.com' is set on object 'Object Repository/login/input-login Email'

2018-05-21 11:10:25 - [TEST_STEP][PASSED] - delay: Delayed 2 second(s)

2018-05-21 11:10:27 - [MESSAGE][PASSED] - Delayed 2 second(s)

2018-05-21 11:10:27 - [TEST_STEP][PASSED] - setText: Text 'martin' is set on object 'Object Repository/login/input login-password'

2018-05-21 11:10:27 - [MESSAGE][PASSED] - Text 'martin' is set on object 'Object Repository/login/input login-password'

2018-05-21 11:10:27 - [TEST_STEP][PASSED] - click: Object: 'Object Repository/login/button-log in' is clicked on

2018-05-21 11:10:29 - [MESSAGE][PASSED] - Object: 'Object Repository/login/button-log in' is clicked on

2018-05-21 11:10:29 - [MESSAGE][PASSED] - Call Test Case 'Test Cases/Login/verify-login' successfully

2018-05-21 11:10:29 - [TEST_STEP][PASSED] - delay: Delayed 2 second(s)

2018-05-21 11:10:31 - [MESSAGE][PASSED] - Delayed 2 second(s)

2018-05-21 11:10:31 - [TEST_STEP][PASSED] - setText: Text 'NOKIA LUMIA 1020' is set on object 'Object Repository/add cart/add cart'

2018-05-21 11:10:33 - [MESSAGE][PASSED] - Text 'NOKIA LUMIA 1020' is set on object 'Object Repository/add cart/add cart'

2018-05-21 11:10:33 - [TEST_STEP][PASSED] - click: Object: 'Object Repository/Search/button-search' is clicked on

2018-05-21 11:10:35 - [MESSAGE][PASSED] - Object: 'Object Repository/Search/button-search' is clicked on

2018-05-21 11:10:35 - [TEST_STEP][PASSED] - click: Object: 'Object Repository/add cart/button-add to cart' is clicked on

2018-05-21 11:10:37 - [MESSAGE][PASSED] - Object: 'Object Repository/add cart/button-add to cart' is clicked on

2018-05-21 11:10:37 - [TEST_STEP][PASSED] - verifyElementPresent: Object 'Object Repository/add cart/verify item added' is present

2018-05-21 11:10:37 - [MESSAGE][PASSED] - Object 'Object Repository/add cart/verify item added' is present

2018-05-21 11:10:37 - [TEST_STEP][PASSED] - closeBrowser: Browser is closed

2018-05-21 11:10:40 - [MESSAGE][PASSED] - Browser is closed]]></system-out>
         <system-err><![CDATA[]]></system-err>
      </testcase>
      <testcase name="Test Cases/Add cart/verify-add flower" classname="Test Cases/Add cart/verify-add flower" status="PASSED">
         <system-out><![CDATA[2018-05-21 11:10:40 - [TEST_CASE][PASSED] - Test Cases/Add cart/verify-add flower: Test Cases/Add cart/verify-add flower

2018-05-21 11:10:41 - [TEST_STEP][PASSED] - callTestCase: Call Test Case 'Test Cases/Login/verify-login' successfully

2018-05-21 11:10:41 - [TEST_CASE][PASSED] - Test Cases/Login/verify-login: Test Cases/Login/verify-login

2018-05-21 11:10:41 - [TEST_STEP][PASSED] - openBrowser: Browser is opened with url: 'http://demo.nopcommerce.com/'

2018-05-21 11:10:56 - [MESSAGE][PASSED] - Browser is opened with url: 'http://demo.nopcommerce.com/'

2018-05-21 11:10:56 - [TEST_STEP][PASSED] - maximizeWindow: Current window maximized

2018-05-21 11:10:57 - [MESSAGE][PASSED] - Current window maximized

2018-05-21 11:10:57 - [TEST_STEP][PASSED] - click: Object: 'Object Repository/login/button-login' is clicked on

2018-05-21 11:11:00 - [MESSAGE][PASSED] - Object: 'Object Repository/login/button-login' is clicked on

2018-05-21 11:11:00 - [TEST_STEP][PASSED] - setText: Text 'martin.muhia10@gmail.com' is set on object 'Object Repository/login/input-login Email'

2018-05-21 11:11:01 - [MESSAGE][PASSED] - Text 'martin.muhia10@gmail.com' is set on object 'Object Repository/login/input-login Email'

2018-05-21 11:11:01 - [TEST_STEP][PASSED] - delay: Delayed 2 second(s)

2018-05-21 11:11:03 - [MESSAGE][PASSED] - Delayed 2 second(s)

2018-05-21 11:11:03 - [TEST_STEP][PASSED] - setText: Text 'martin' is set on object 'Object Repository/login/input login-password'

2018-05-21 11:11:03 - [MESSAGE][PASSED] - Text 'martin' is set on object 'Object Repository/login/input login-password'

2018-05-21 11:11:03 - [TEST_STEP][PASSED] - click: Object: 'Object Repository/login/button-log in' is clicked on

2018-05-21 11:11:06 - [MESSAGE][PASSED] - Object: 'Object Repository/login/button-log in' is clicked on

2018-05-21 11:11:06 - [MESSAGE][PASSED] - Call Test Case 'Test Cases/Login/verify-login' successfully

2018-05-21 11:11:06 - [TEST_STEP][PASSED] - delay: Delayed 2 second(s)

2018-05-21 11:11:08 - [MESSAGE][PASSED] - Delayed 2 second(s)

2018-05-21 11:11:08 - [TEST_STEP][PASSED] - setText: Text 'Flower Girl Bracelet' is set on object 'Object Repository/add cart/add cart'

2018-05-21 11:11:09 - [MESSAGE][PASSED] - Text 'Flower Girl Bracelet' is set on object 'Object Repository/add cart/add cart'

2018-05-21 11:11:10 - [TEST_STEP][PASSED] - click: Object: 'Object Repository/Search/button-search' is clicked on

2018-05-21 11:11:12 - [MESSAGE][PASSED] - Object: 'Object Repository/Search/button-search' is clicked on

2018-05-21 11:11:12 - [TEST_STEP][PASSED] - click: Object: 'Object Repository/add cart/button-add to cart' is clicked on

2018-05-21 11:11:12 - [MESSAGE][PASSED] - Object: 'Object Repository/add cart/button-add to cart' is clicked on

2018-05-21 11:11:12 - [TEST_STEP][PASSED] - verifyElementPresent: Object 'Object Repository/add cart/verify item added' is present

2018-05-21 11:11:13 - [MESSAGE][PASSED] - Object 'Object Repository/add cart/verify item added' is present

2018-05-21 11:11:13 - [TEST_STEP][PASSED] - closeBrowser: Browser is closed

2018-05-21 11:11:14 - [MESSAGE][PASSED] - Browser is closed]]></system-out>
         <system-err><![CDATA[]]></system-err>
      </testcase>
      <testcase name="Test Cases/Remove cart/verify remove-cart" classname="Test Cases/Remove cart/verify remove-cart" status="PASSED">
         <system-out><![CDATA[2018-05-21 11:11:14 - [TEST_CASE][PASSED] - Test Cases/Remove cart/verify remove-cart: Test Cases/Remove cart/verify remove-cart

2018-05-21 11:11:15 - [TEST_STEP][PASSED] - callTestCase: Call Test Case 'Test Cases/Login/verify-login' successfully

2018-05-21 11:11:15 - [TEST_CASE][PASSED] - Test Cases/Login/verify-login: Test Cases/Login/verify-login

2018-05-21 11:11:15 - [TEST_STEP][PASSED] - openBrowser: Browser is opened with url: 'http://demo.nopcommerce.com/'

2018-05-21 11:11:27 - [MESSAGE][PASSED] - Browser is opened with url: 'http://demo.nopcommerce.com/'

2018-05-21 11:11:27 - [TEST_STEP][PASSED] - maximizeWindow: Current window maximized

2018-05-21 11:11:28 - [MESSAGE][PASSED] - Current window maximized

2018-05-21 11:11:28 - [TEST_STEP][PASSED] - click: Object: 'Object Repository/login/button-login' is clicked on

2018-05-21 11:11:31 - [MESSAGE][PASSED] - Object: 'Object Repository/login/button-login' is clicked on

2018-05-21 11:11:31 - [TEST_STEP][PASSED] - setText: Text 'martin.muhia10@gmail.com' is set on object 'Object Repository/login/input-login Email'

2018-05-21 11:11:32 - [MESSAGE][PASSED] - Text 'martin.muhia10@gmail.com' is set on object 'Object Repository/login/input-login Email'

2018-05-21 11:11:32 - [TEST_STEP][PASSED] - delay: Delayed 2 second(s)

2018-05-21 11:11:34 - [MESSAGE][PASSED] - Delayed 2 second(s)

2018-05-21 11:11:34 - [TEST_STEP][PASSED] - setText: Text 'martin' is set on object 'Object Repository/login/input login-password'

2018-05-21 11:11:34 - [MESSAGE][PASSED] - Text 'martin' is set on object 'Object Repository/login/input login-password'

2018-05-21 11:11:34 - [TEST_STEP][PASSED] - click: Object: 'Object Repository/login/button-log in' is clicked on

2018-05-21 11:11:40 - [MESSAGE][PASSED] - Object: 'Object Repository/login/button-log in' is clicked on

2018-05-21 11:11:40 - [MESSAGE][PASSED] - Call Test Case 'Test Cases/Login/verify-login' successfully

2018-05-21 11:11:40 - [TEST_STEP][PASSED] - click: Object: 'Object Repository/shopping cart/button-shopping cart' is clicked on

2018-05-21 11:11:43 - [MESSAGE][PASSED] - Object: 'Object Repository/shopping cart/button-shopping cart' is clicked on

2018-05-21 11:11:43 - [TEST_STEP][PASSED] - click: Object: 'Object Repository/remove-cart/button -check remove' is clicked on

2018-05-21 11:11:44 - [MESSAGE][PASSED] - Object: 'Object Repository/remove-cart/button -check remove' is clicked on

2018-05-21 11:11:44 - [TEST_STEP][PASSED] - click: Object: 'Object Repository/remove-cart/button-update cart' is clicked on

2018-05-21 11:11:46 - [MESSAGE][PASSED] - Object: 'Object Repository/remove-cart/button-update cart' is clicked on

2018-05-21 11:11:46 - [TEST_STEP][PASSED] - delay: Delayed 3 second(s)

2018-05-21 11:11:49 - [MESSAGE][PASSED] - Delayed 3 second(s)

2018-05-21 11:11:49 - [TEST_STEP][PASSED] - closeBrowser: Browser is closed

2018-05-21 11:11:51 - [MESSAGE][PASSED] - Browser is closed]]></system-out>
         <system-err><![CDATA[]]></system-err>
      </testcase>
      <system-out><![CDATA[2018-05-21 11:09:43 - [TEST_SUITE][PASSED] - add-remove cart: Test Cases/Remove cart/verify remove-cart]]></system-out>
      <system-err><![CDATA[]]></system-err>
   </testsuite>
</testsuites>
